Using pre-set license
Built from '2020.3/staging' branch; Version is '2020.3.30f1 (1fb1bf06830e) revision 2077119'; Using compiler version '192528614'; Build Type 'Release'
OS: 'Windows 10  (10.0.19042) 64bit Professional' Language: 'ko' Physical Memory: 16121 MB
BatchMode: 1, IsHumanControllingUs: 0, StartBugReporterOnCrash: 0, Is64bit: 1, IsPro: 0

COMMAND LINE ARGUMENTS:
C:\Program Files\Unity\Hub\Editor\2020.3.30f1\Editor\Unity.exe
-adb2
-batchMode
-noUpm
-name
AssetImportWorker0
-projectPath
D:/SecondGame
-logFile
Logs/AssetImportWorker0.log
-srvPort
54059
Successfully changed project path to: D:/SecondGame
D:/SecondGame
Using Asset Import Pipeline V2.
Refreshing native plugins compatible for Editor in 252.08 ms, found 3 plugins.
Preloading 0 native plugins for Editor in 0.00 ms.
Initialize engine version: 2020.3.30f1 (1fb1bf06830e)
[Subsystems] Discovering subsystems at path C:/Program Files/Unity/Hub/Editor/2020.3.30f1/Editor/Data/Resources/UnitySubsystems
[Subsystems] Discovering subsystems at path D:/SecondGame/Assets
GfxDevice: creating device client; threaded=0
Direct3D:
    Version:  Direct3D 11.0 [level 11.1]
    Renderer: NVIDIA GeForce RTX 3050 Ti Laptop GPU (ID=0x25a0)
    Vendor:   
    VRAM:     3990 MB
    Driver:   27.21.14.6235
Initialize mono
Mono path[0] = 'C:/Program Files/Unity/Hub/Editor/2020.3.30f1/Editor/Data/Managed'
Mono path[1] = 'C:/Program Files/Unity/Hub/Editor/2020.3.30f1/Editor/Data/MonoBleedingEdge/lib/mono/unityjit'
Mono config path = 'C:/Program Files/Unity/Hub/Editor/2020.3.30f1/Editor/Data/MonoBleedingEdge/etc'
Using monoOptions --debugger-agent=transport=dt_socket,embedding=1,server=y,suspend=n,address=127.0.0.1:56644
Begin MonoManager ReloadAssembly
Registering precompiled unity dll's ...
Register platform support module: C:/Program Files/Unity/Hub/Editor/2020.3.30f1/Editor/Data/PlaybackEngines/WindowsStandaloneSupport/UnityEditor.WindowsStandalone.Extensions.dll
Registered in 0.013183 seconds.
Native extension for WindowsStandalone target not found
Refreshing native plugins compatible for Editor in 222.88 ms, found 3 plugins.
Preloading 0 native plugins for Editor in 0.00 ms.
Mono: successfully reloaded assembly
- Completed reload, in  2.733 seconds
Domain Reload Profiling:
	ReloadAssembly (2734ms)
		BeginReloadAssembly (314ms)
			ExecutionOrderSort (0ms)
			DisableScriptedObjects (0ms)
			BackupInstance (0ms)
			ReleaseScriptingObjects (0ms)
			CreateAndSetChildDomain (4ms)
		EndReloadAssembly (2070ms)
			LoadAssemblies (302ms)
			RebuildTransferFunctionScriptingTraits (0ms)
			SetupTypeCache (686ms)
			ReleaseScriptCaches (0ms)
			RebuildScriptCaches (122ms)
			SetupLoadedEditorAssemblies (795ms)
				LogAssemblyErrors (0ms)
				InitializePlatformSupportModulesInManaged (14ms)
				SetLoadedEditorAssemblies (1ms)
				RefreshPlugins (223ms)
				BeforeProcessingInitializeOnLoad (65ms)
				ProcessInitializeOnLoadAttributes (364ms)
				ProcessInitializeOnLoadMethodAttributes (127ms)
				AfterProcessingInitializeOnLoad (0ms)
				EditorAssembliesLoaded (1ms)
			ExecutionOrderSort2 (0ms)
			AwakeInstancesAfterBackupRestoration (0ms)
Platform modules already initialized, skipping
Registering precompiled user dll's ...
Registered in 0.013776 seconds.
Begin MonoManager ReloadAssembly
Native extension for WindowsStandalone target not found
Refreshing native plugins compatible for Editor in 213.80 ms, found 3 plugins.
Preloading 0 native plugins for Editor in 0.00 ms.
Mono: successfully reloaded assembly
- Completed reload, in  4.864 seconds
Domain Reload Profiling:
	ReloadAssembly (4868ms)
		BeginReloadAssembly (704ms)
			ExecutionOrderSort (0ms)
			DisableScriptedObjects (17ms)
			BackupInstance (0ms)
			ReleaseScriptingObjects (0ms)
			CreateAndSetChildDomain (69ms)
		EndReloadAssembly (3928ms)
			LoadAssemblies (406ms)
			RebuildTransferFunctionScriptingTraits (0ms)
			SetupTypeCache (1349ms)
			ReleaseScriptCaches (1ms)
			RebuildScriptCaches (215ms)
			SetupLoadedEditorAssemblies (1506ms)
				LogAssemblyErrors (0ms)
				InitializePlatformSupportModulesInManaged (17ms)
				SetLoadedEditorAssemblies (1ms)
				RefreshPlugins (214ms)
				BeforeProcessingInitializeOnLoad (362ms)
				ProcessInitializeOnLoadAttributes (808ms)
				ProcessInitializeOnLoadMethodAttributes (69ms)
				AfterProcessingInitializeOnLoad (34ms)
				EditorAssembliesLoaded (1ms)
			ExecutionOrderSort2 (0ms)
			AwakeInstancesAfterBackupRestoration (32ms)
Platform modules already initialized, skipping
========================================================================
Worker process is ready to serve import requests
Launched and connected shader compiler UnityShaderCompiler.exe after 0.16 seconds
Refreshing native plugins compatible for Editor in 0.73 ms, found 3 plugins.
Preloading 0 native plugins for Editor in 0.00 ms.
Unloading 2218 Unused Serialized files (Serialized files now loaded: 0)
System memory in use before: 98.5 MB.
System memory in use after: 98.4 MB.

Unloading 31 unused Assets to reduce memory usage. Loaded Objects now: 2649.
Total: 2.463800 ms (FindLiveObjects: 0.123500 ms CreateObjectMapping: 0.042300 ms MarkObjects: 2.164100 ms  DeleteObjects: 0.133100 ms)

AssetImportParameters requested are different than current active one (requested -> active):
  custom:framework-win-MediaFoundation: 216162199b28c13a410421893ffa2e32 -> 
  custom:video-decoder-ogg-theora: a1e56fd34408186e4bbccfd4996cb3dc -> 
  custom:container-muxer-webm: aa71ff27fc2769a1b78a27578f13a17b -> 
  custom:container-demuxer-webm: 4f35f7cbe854078d1ac9338744f61a02 -> 
  custom:container-demuxer-ogg: 62fdf1f143b41e24485cea50d1cbac27 -> 
  custom:video-encoder-webm-vp8: eb34c28f22e8b96e1ab97ce403110664 -> 
  custom:video-codec-MediaFoundation-h265: 746d11721c4dcdbdad8f713fa42b33f4 -> 
  custom:video-decoder-webm-vp8: 9c59270c3fd7afecdb556c50c9e8de78 -> 
  custom:audio-decoder-ogg-vorbis: bf7c407c2cedff20999df2af8eb42d56 -> 
  custom:audio-encoder-webm-vorbis: bf7c407c2cedff20999df2af8eb42d56 -> 
========================================================================
Received Import Request.
  path: Assets/03.Prefabs/Dev/Minseong/Hanja/Hwa
  artifactKey: Guid(0703bb67667dae04089dd9edd65cb327) Importer(815301076,1909f56bfc062723c751e8b465ee728b)
Start importing Assets/03.Prefabs/Dev/Minseong/Hanja/Hwa using Guid(0703bb67667dae04089dd9edd65cb327) Importer(815301076,1909f56bfc062723c751e8b465ee728b)  -> (artifact id: 'e4bc5397ee23d9a9e2becae685d1fb8d') in 0.004690 seconds 
========================================================================
Received Import Request.
  Time since last request: 0.000233 seconds.
  path: Assets/03.Prefabs/Dev/Minseong/Hanja
  artifactKey: Guid(369acf343b50b8347bb9d20abecc9c08) Importer(815301076,1909f56bfc062723c751e8b465ee728b)
Start importing Assets/03.Prefabs/Dev/Minseong/Hanja using Guid(369acf343b50b8347bb9d20abecc9c08) Importer(815301076,1909f56bfc062723c751e8b465ee728b)  -> (artifact id: 'c08b14910b4ce8bd664639f44a2e4e1b') in 0.002890 seconds 
========================================================================
Received Import Request.
  Time since last request: 4.058147 seconds.
  path: Assets/03.Prefabs/Dev/Minseong/Hanja/Hwa/Hwa.prefab
  artifactKey: Guid(5b305b9d198e05440bad0712cfce3895) Importer(815301076,1909f56bfc062723c751e8b465ee728b)
Start importing Assets/03.Prefabs/Dev/Minseong/Hanja/Hwa/Hwa.prefab using Guid(5b305b9d198e05440bad0712cfce3895) Importer(815301076,1909f56bfc062723c751e8b465ee728b)  -> (artifact id: '0191c271291f0e34f23fa85dd9522244') in 0.308592 seconds 
========================================================================
Received Import Request.
  Time since last request: 0.466653 seconds.
  path: Assets/03.Prefabs/Dev/Minseong/Hanja/Hwa/Hwa.png
  artifactKey: Guid(81350bab53f0dd647a4f098bd3d6b6e8) Importer(815301076,1909f56bfc062723c751e8b465ee728b)
Start importing Assets/03.Prefabs/Dev/Minseong/Hanja/Hwa/Hwa.png using Guid(81350bab53f0dd647a4f098bd3d6b6e8) Importer(815301076,1909f56bfc062723c751e8b465ee728b)  -> (artifact id: '4985aa65ff4e95e6bceaa73690c468e2') in 0.116730 seconds 
========================================================================
Received Import Request.
  Time since last request: 29.684427 seconds.
  path: Assets/03.Prefabs/Dev
  artifactKey: Guid(ab0bf30ba1cef6d44883142d24497ae9) Importer(815301076,1909f56bfc062723c751e8b465ee728b)
Start importing Assets/03.Prefabs/Dev using Guid(ab0bf30ba1cef6d44883142d24497ae9) Importer(815301076,1909f56bfc062723c751e8b465ee728b)  -> (artifact id: 'b210bc3caabbc0bc6f14ad798cc80878') in 0.008508 seconds 
========================================================================
Received Import Request.
  Time since last request: 18.479801 seconds.
  path: Assets/02.Sprites/Dev/Minseong/Hanja/Hwa
  artifactKey: Guid(63d825f4d0098894da7cfe0e6e7645cf) Importer(815301076,1909f56bfc062723c751e8b465ee728b)
Start importing Assets/02.Sprites/Dev/Minseong/Hanja/Hwa using Guid(63d825f4d0098894da7cfe0e6e7645cf) Importer(815301076,1909f56bfc062723c751e8b465ee728b)  -> (artifact id: 'cd451e7d2c3e3ae9d12247dc1dff9496') in 0.006999 seconds 
========================================================================
Received Import Request.
  Time since last request: 2.253113 seconds.
  path: Assets/02.Sprites/Dev/Minseong/Hanja/Hwa/Je
  artifactKey: Guid(f634744b1ee1c3d43a7abbe88a59d19e) Importer(815301076,1909f56bfc062723c751e8b465ee728b)
Start importing Assets/02.Sprites/Dev/Minseong/Hanja/Hwa/Je using Guid(f634744b1ee1c3d43a7abbe88a59d19e) Importer(815301076,1909f56bfc062723c751e8b465ee728b)  -> (artifact id: 'c98d330193e38ea869a6402730555aef') in 0.009774 seconds 
========================================================================
Received Import Request.
  Time since last request: 4.657962 seconds.
  path: Assets/02.Sprites/Dev/Minseong/Hanja/Hwa/Je/Rim
  artifactKey: Guid(b1aca8ae68af6e541993383e9d95f1e4) Importer(815301076,1909f56bfc062723c751e8b465ee728b)
Start importing Assets/02.Sprites/Dev/Minseong/Hanja/Hwa/Je/Rim using Guid(b1aca8ae68af6e541993383e9d95f1e4) Importer(815301076,1909f56bfc062723c751e8b465ee728b)  -> (artifact id: '29a451aca36a19133b9b508da36b72a5') in 0.009206 seconds 
========================================================================
Received Import Request.
  Time since last request: 2.294466 seconds.
  path: Assets/02.Sprites/Dev/Minseong/Hanja/Hwa/Je/Rim/Gyeong
  artifactKey: Guid(f542b6e2b0b6bba458c3f75adbcbfe12) Importer(815301076,1909f56bfc062723c751e8b465ee728b)
Start importing Assets/02.Sprites/Dev/Minseong/Hanja/Hwa/Je/Rim/Gyeong using Guid(f542b6e2b0b6bba458c3f75adbcbfe12) Importer(815301076,1909f56bfc062723c751e8b465ee728b)  -> (artifact id: '118777b9bdfac132dff9875cf511e310') in 0.009736 seconds 
========================================================================
Received Import Request.
  Time since last request: 7.073752 seconds.
  path: Assets/02.Sprites/Dev/Minseong/Hanja/Hwa/Je/Rye
  artifactKey: Guid(e2d0d68979f047a428fe351c14317f55) Importer(815301076,1909f56bfc062723c751e8b465ee728b)
Start importing Assets/02.Sprites/Dev/Minseong/Hanja/Hwa/Je/Rye using Guid(e2d0d68979f047a428fe351c14317f55) Importer(815301076,1909f56bfc062723c751e8b465ee728b)  -> (artifact id: '748d6fe5542c250a9b0f6431eb5c60d6') in 0.007820 seconds 
========================================================================
Received Import Request.
  Time since last request: 3.711806 seconds.
  path: Assets/02.Sprites/Dev/Minseong/Hanja/Hwa/Je/Rye/Hyeong
  artifactKey: Guid(16637f1893cd0444aa1069e4c967a79f) Importer(815301076,1909f56bfc062723c751e8b465ee728b)
Start importing Assets/02.Sprites/Dev/Minseong/Hanja/Hwa/Je/Rye/Hyeong using Guid(16637f1893cd0444aa1069e4c967a79f) Importer(815301076,1909f56bfc062723c751e8b465ee728b)  -> (artifact id: '3304d5f136287e19afbb4b7474c38ec6') in 0.009149 seconds 
========================================================================
Received Import Request.
  Time since last request: 16.005076 seconds.
  path: Assets/03.Prefabs/Dev/Minseong/Hanja/Hwa/Je
  artifactKey: Guid(f103aca5c86be4a449d733ad85973ca9) Importer(815301076,1909f56bfc062723c751e8b465ee728b)
Start importing Assets/03.Prefabs/Dev/Minseong/Hanja/Hwa/Je using Guid(f103aca5c86be4a449d733ad85973ca9) Importer(815301076,1909f56bfc062723c751e8b465ee728b)  -> (artifact id: '4b4c7ecf22911a8959a48e482f4876f1') in 0.004254 seconds 
========================================================================
Received Import Request.
  Time since last request: 5.905701 seconds.
  path: Assets/03.Prefabs/Dev/Minseong/Hanja/Hwa/Je/Je.png
  artifactKey: Guid(66c5560c5d56fec4891a80b3d7cd7ba1) Importer(815301076,1909f56bfc062723c751e8b465ee728b)
Start importing Assets/03.Prefabs/Dev/Minseong/Hanja/Hwa/Je/Je.png using Guid(66c5560c5d56fec4891a80b3d7cd7ba1) Importer(815301076,1909f56bfc062723c751e8b465ee728b)  -> (artifact id: '104aed05b6d64b73420c51ccdba5e375') in 0.043667 seconds 
========================================================================
Received Import Request.
  Time since last request: 4.620492 seconds.
  path: Assets/03.Prefabs/Dev/Minseong/Hanja/Hwa/Je/Je.prefab
  artifactKey: Guid(6631a1ba7d5103646b3727b6f4d716d2) Importer(815301076,1909f56bfc062723c751e8b465ee728b)
Start importing Assets/03.Prefabs/Dev/Minseong/Hanja/Hwa/Je/Je.prefab using Guid(6631a1ba7d5103646b3727b6f4d716d2) Importer(815301076,1909f56bfc062723c751e8b465ee728b)  -> (artifact id: '61667782b741830482b496a87795cfa3') in 0.020106 seconds 
========================================================================
Received Import Request.
  Time since last request: 6.496737 seconds.
  path: Assets/03.Prefabs/Dev/Minseong/Hanja/Hwa/Je/Rim
  artifactKey: Guid(5863cdf04e1267a4f97976f88d77ed4d) Importer(815301076,1909f56bfc062723c751e8b465ee728b)
Start importing Assets/03.Prefabs/Dev/Minseong/Hanja/Hwa/Je/Rim using Guid(5863cdf04e1267a4f97976f88d77ed4d) Importer(815301076,1909f56bfc062723c751e8b465ee728b)  -> (artifact id: '58c7ef0d76551008816a6af356eed897') in 0.007760 seconds 
========================================================================
Received Import Request.
  Time since last request: 1.634178 seconds.
  path: Assets/03.Prefabs/Dev/Minseong/Hanja/Hwa/Je/Rim/Rim.png
  artifactKey: Guid(b5c0570d0c1a1164e93c02d4e4f1530b) Importer(815301076,1909f56bfc062723c751e8b465ee728b)
Start importing Assets/03.Prefabs/Dev/Minseong/Hanja/Hwa/Je/Rim/Rim.png using Guid(b5c0570d0c1a1164e93c02d4e4f1530b) Importer(815301076,1909f56bfc062723c751e8b465ee728b)  -> (artifact id: '368f5ddc8fa9dfedb2ec9039547b12c3') in 0.046614 seconds 
========================================================================
Received Import Request.
  Time since last request: 5.333382 seconds.
  path: Assets/03.Prefabs/Dev/Minseong/Hanja/Hwa/Je/Rim/Rim.prefab
  artifactKey: Guid(75f6a3daef5a8324882a46a8c32ae38a) Importer(815301076,1909f56bfc062723c751e8b465ee728b)
Start importing Assets/03.Prefabs/Dev/Minseong/Hanja/Hwa/Je/Rim/Rim.prefab using Guid(75f6a3daef5a8324882a46a8c32ae38a) Importer(815301076,1909f56bfc062723c751e8b465ee728b)  -> (artifact id: '5688f1644919a45c75c2214e65de1e11') in 0.027539 seconds 
========================================================================
Received Import Request.
  Time since last request: 0.801686 seconds.
  path: Assets/03.Prefabs/Dev/Minseong/Hanja/Hwa/Je/Rim/Gyeong
  artifactKey: Guid(e89af6860330f4d42a70ac4f85f06df0) Importer(815301076,1909f56bfc062723c751e8b465ee728b)
Start importing Assets/03.Prefabs/Dev/Minseong/Hanja/Hwa/Je/Rim/Gyeong using Guid(e89af6860330f4d42a70ac4f85f06df0) Importer(815301076,1909f56bfc062723c751e8b465ee728b)  -> (artifact id: '00e82d9edae422c3e2875cfdda995365') in 0.004572 seconds 
========================================================================
Received Import Request.
  Time since last request: 1.321364 seconds.
  path: Assets/03.Prefabs/Dev/Minseong/Hanja/Hwa/Je/Rim/Gyeong/Gyeong.png
  artifactKey: Guid(9d986224a447d2e4eb8d7d7ca80f0920) Importer(815301076,1909f56bfc062723c751e8b465ee728b)
Start importing Assets/03.Prefabs/Dev/Minseong/Hanja/Hwa/Je/Rim/Gyeong/Gyeong.png using Guid(9d986224a447d2e4eb8d7d7ca80f0920) Importer(815301076,1909f56bfc062723c751e8b465ee728b)  -> (artifact id: 'c874cc11f316a8cbb8248b0e5e061723') in 0.054099 seconds 
========================================================================
Received Import Request.
  Time since last request: 1.973629 seconds.
  path: Assets/03.Prefabs/Dev/Minseong/Hanja/Hwa/Je/Rim/Gyeong/Gyeong.prefab
  artifactKey: Guid(91eb7f51ded981349a6b12fe8f8b1bdd) Importer(815301076,1909f56bfc062723c751e8b465ee728b)
Start importing Assets/03.Prefabs/Dev/Minseong/Hanja/Hwa/Je/Rim/Gyeong/Gyeong.prefab using Guid(91eb7f51ded981349a6b12fe8f8b1bdd) Importer(815301076,1909f56bfc062723c751e8b465ee728b)  -> (artifact id: '7a2919197ee727c27953d0f7febd187d') in 0.038983 seconds 
========================================================================
Received Import Request.
  Time since last request: 7.953099 seconds.
  path: Assets/03.Prefabs/Dev/Minseong/Hanja/Hwa/Je/Rye
  artifactKey: Guid(d808b77b11450de45beb38430d80ba54) Importer(815301076,1909f56bfc062723c751e8b465ee728b)
Start importing Assets/03.Prefabs/Dev/Minseong/Hanja/Hwa/Je/Rye using Guid(d808b77b11450de45beb38430d80ba54) Importer(815301076,1909f56bfc062723c751e8b465ee728b)  -> (artifact id: '66ca62cbe3794abfa78008ac0e7d52ad') in 0.004905 seconds 
========================================================================
Received Import Request.
  Time since last request: 1.906609 seconds.
  path: Assets/03.Prefabs/Dev/Minseong/Hanja/Hwa/Je/Rye/Rye.prefab
  artifactKey: Guid(1a48837eb3d0be341b55a63633710416) Importer(815301076,1909f56bfc062723c751e8b465ee728b)
Start importing Assets/03.Prefabs/Dev/Minseong/Hanja/Hwa/Je/Rye/Rye.prefab using Guid(1a48837eb3d0be341b55a63633710416) Importer(815301076,1909f56bfc062723c751e8b465ee728b)  -> (artifact id: '012e3ee20b31b002a17b7cced94036ab') in 0.037684 seconds 
========================================================================
Received Import Request.
  Time since last request: 1.176795 seconds.
  path: Assets/03.Prefabs/Dev/Minseong/Hanja/Hwa/Je/Rye/Rye.png
  artifactKey: Guid(5ec9378db03f4fc4c937b197765adc4c) Importer(815301076,1909f56bfc062723c751e8b465ee728b)
Start importing Assets/03.Prefabs/Dev/Minseong/Hanja/Hwa/Je/Rye/Rye.png using Guid(5ec9378db03f4fc4c937b197765adc4c) Importer(815301076,1909f56bfc062723c751e8b465ee728b)  -> (artifact id: '5f6f11f3a1a36457aa1433b0856f96f0') in 0.041048 seconds 
========================================================================
Received Import Request.
  Time since last request: 1.507389 seconds.
  path: Assets/03.Prefabs/Dev/Minseong/Hanja/Hwa/Je/Rye/Hyeong
  artifactKey: Guid(138dda89562c4a446bba98d750ef1f8f) Importer(815301076,1909f56bfc062723c751e8b465ee728b)
Start importing Assets/03.Prefabs/Dev/Minseong/Hanja/Hwa/Je/Rye/Hyeong using Guid(138dda89562c4a446bba98d750ef1f8f) Importer(815301076,1909f56bfc062723c751e8b465ee728b)  -> (artifact id: 'ee56890f545cf938399ea7ce8d491dce') in 0.008937 seconds 
========================================================================
Received Import Request.
  Time since last request: 2.262905 seconds.
  path: Assets/03.Prefabs/Dev/Minseong/Hanja/Hwa/Je/Rye/Hyeong/Hyeong.prefab
  artifactKey: Guid(cf976916c976fa04699d2f907f9f0402) Importer(815301076,1909f56bfc062723c751e8b465ee728b)
Start importing Assets/03.Prefabs/Dev/Minseong/Hanja/Hwa/Je/Rye/Hyeong/Hyeong.prefab using Guid(cf976916c976fa04699d2f907f9f0402) Importer(815301076,1909f56bfc062723c751e8b465ee728b)  -> (artifact id: '0363a10db63b5480d6f5bdf70a511ecf') in 0.027563 seconds 
========================================================================
Received Import Request.
  Time since last request: 0.486426 seconds.
  path: Assets/03.Prefabs/Dev/Minseong/Hanja/Hwa/Je/Rye/Hyeong/Hyeong.png
  artifactKey: Guid(357c6cae6c3fedb44b887642d1fb4a69) Importer(815301076,1909f56bfc062723c751e8b465ee728b)
Start importing Assets/03.Prefabs/Dev/Minseong/Hanja/Hwa/Je/Rye/Hyeong/Hyeong.png using Guid(357c6cae6c3fedb44b887642d1fb4a69) Importer(815301076,1909f56bfc062723c751e8b465ee728b)  -> (artifact id: '0a39badac01fc1ca753e9b3330a13a35') in 0.046797 seconds 
========================================================================
Received Import Request.
  Time since last request: 18.641536 seconds.
  path: Assets/03.Prefabs/Dev/Minseong/Hanja/Hwa/Sam
  artifactKey: Guid(8bdf52826ab1b474dafcb7e3a5cc7697) Importer(815301076,1909f56bfc062723c751e8b465ee728b)
Start importing Assets/03.Prefabs/Dev/Minseong/Hanja/Hwa/Sam using Guid(8bdf52826ab1b474dafcb7e3a5cc7697) Importer(815301076,1909f56bfc062723c751e8b465ee728b)  -> (artifact id: 'ff30b7099063d802c29b2d51afbd1818') in 0.006429 seconds 
========================================================================
Received Import Request.
  Time since last request: 25.646474 seconds.
  path: Assets/02.Sprites/Dev/Minseong/Hanja/Hwa/Sam
  artifactKey: Guid(38c592c99da38aa4d9af284775b1914b) Importer(815301076,1909f56bfc062723c751e8b465ee728b)
Start importing Assets/02.Sprites/Dev/Minseong/Hanja/Hwa/Sam using Guid(38c592c99da38aa4d9af284775b1914b) Importer(815301076,1909f56bfc062723c751e8b465ee728b)  -> (artifact id: 'c1384439885fee95a0ceaf862a6f2e32') in 0.005676 seconds 
========================================================================
Received Import Request.
  Time since last request: 3.883416 seconds.
  path: Assets/02.Sprites/Dev/Minseong/Hanja/Hwa/Sam/Mo
  artifactKey: Guid(ccf5032b4914c934d9b146d7ccae5ac7) Importer(815301076,1909f56bfc062723c751e8b465ee728b)
Start importing Assets/02.Sprites/Dev/Minseong/Hanja/Hwa/Sam/Mo using Guid(ccf5032b4914c934d9b146d7ccae5ac7) Importer(815301076,1909f56bfc062723c751e8b465ee728b)  -> (artifact id: '6f953e262137909ce1ba205295f49aaf') in 0.012443 seconds 
========================================================================
Received Import Request.
  Time since last request: 2.081833 seconds.
  path: Assets/02.Sprites/Dev/Minseong/Hanja/Hwa/Sam/Mo/Myeol
  artifactKey: Guid(30e143fb8b5ac3541951965440c4b9e5) Importer(815301076,1909f56bfc062723c751e8b465ee728b)
Start importing Assets/02.Sprites/Dev/Minseong/Hanja/Hwa/Sam/Mo/Myeol using Guid(30e143fb8b5ac3541951965440c4b9e5) Importer(815301076,1909f56bfc062723c751e8b465ee728b)  -> (artifact id: 'c262e04150a290b4ea5badd2b6dc4f40') in 0.011302 seconds 
========================================================================
Received Import Request.
  Time since last request: 18.828758 seconds.
  path: Assets/02.Sprites/Dev/Minseong/Hanja/Hwa/Sam/Sa
  artifactKey: Guid(ccd11f080e5c1204bbf90a29b29cdc30) Importer(815301076,1909f56bfc062723c751e8b465ee728b)
Start importing Assets/02.Sprites/Dev/Minseong/Hanja/Hwa/Sam/Sa using Guid(ccd11f080e5c1204bbf90a29b29cdc30) Importer(815301076,1909f56bfc062723c751e8b465ee728b)  -> (artifact id: '62f1375d68a942c93455bdd1ef0b65c6') in 0.011636 seconds 
========================================================================
Received Import Request.
  Time since last request: 2.940911 seconds.
  path: Assets/02.Sprites/Dev/Minseong/Hanja/Hwa/Sam/Sa/Ga
  artifactKey: Guid(b13010786c27116438194920d1ffce35) Importer(815301076,1909f56bfc062723c751e8b465ee728b)
Start importing Assets/02.Sprites/Dev/Minseong/Hanja/Hwa/Sam/Sa/Ga using Guid(b13010786c27116438194920d1ffce35) Importer(815301076,1909f56bfc062723c751e8b465ee728b)  -> (artifact id: 'a451610ab3519147ea212ea3f1a09ea9') in 0.009942 seconds 
========================================================================
Received Import Request.
  Time since last request: 7.411458 seconds.
  path: Assets/02.Sprites/Dev/Minseong/Hanja/Hwa/Tu
  artifactKey: Guid(08d92c42e15c56c4ab2b51be60a8c9f6) Importer(815301076,1909f56bfc062723c751e8b465ee728b)
Start importing Assets/02.Sprites/Dev/Minseong/Hanja/Hwa/Tu using Guid(08d92c42e15c56c4ab2b51be60a8c9f6) Importer(815301076,1909f56bfc062723c751e8b465ee728b)  -> (artifact id: '04fbc18bdcec90cc01c32242f2ed24d9') in 0.007663 seconds 
========================================================================
Received Import Request.
  Time since last request: 4.864080 seconds.
  path: Assets/02.Sprites/Dev/Minseong/Hanja/Hwa/Tu/Cheong
  artifactKey: Guid(4983eade092bf0346863551c58e3a938) Importer(815301076,1909f56bfc062723c751e8b465ee728b)
Start importing Assets/02.Sprites/Dev/Minseong/Hanja/Hwa/Tu/Cheong using Guid(4983eade092bf0346863551c58e3a938) Importer(815301076,1909f56bfc062723c751e8b465ee728b)  -> (artifact id: '3596abef7e7c0958d9d7a804fbfabed7') in 0.008726 seconds 
========================================================================
Received Import Request.
  Time since last request: 3.942358 seconds.
  path: Assets/02.Sprites/Dev/Minseong/Hanja/Hwa/Tu/Cheong/Shi
  artifactKey: Guid(2c5ea5cd2f7bf5545a63cfdb8116dc8f) Importer(815301076,1909f56bfc062723c751e8b465ee728b)
Start importing Assets/02.Sprites/Dev/Minseong/Hanja/Hwa/Tu/Cheong/Shi using Guid(2c5ea5cd2f7bf5545a63cfdb8116dc8f) Importer(815301076,1909f56bfc062723c751e8b465ee728b)  -> (artifact id: '48a01b002266121b006b03a4e96476c3') in 0.008375 seconds 
========================================================================
Received Import Request.
  Time since last request: 6.986371 seconds.
  path: Assets/02.Sprites/Dev/Minseong/Hanja/Hwa/Tu/Dam
  artifactKey: Guid(129cf6a2aed0cad49a13609e7a03c8db) Importer(815301076,1909f56bfc062723c751e8b465ee728b)
Start importing Assets/02.Sprites/Dev/Minseong/Hanja/Hwa/Tu/Dam using Guid(129cf6a2aed0cad49a13609e7a03c8db) Importer(815301076,1909f56bfc062723c751e8b465ee728b)  -> (artifact id: 'b44468bcb57917e6465e3f582128327a') in 0.008065 seconds 
========================================================================
Received Import Request.
  Time since last request: 3.988806 seconds.
  path: Assets/02.Sprites/Dev/Minseong/Hanja/Hwa/Tu/Dam/Sag
  artifactKey: Guid(4cf1182cc647f174ba6081d32a34a0ee) Importer(815301076,1909f56bfc062723c751e8b465ee728b)
Start importing Assets/02.Sprites/Dev/Minseong/Hanja/Hwa/Tu/Dam/Sag using Guid(4cf1182cc647f174ba6081d32a34a0ee) Importer(815301076,1909f56bfc062723c751e8b465ee728b)  -> (artifact id: '65f5391097acb1c7a46990f29465573f') in 0.008748 seconds 
========================================================================
Received Import Request.
  Time since last request: 24.010470 seconds.
  path: Assets/03.Prefabs/Dev/Minseong/Hanja/Hwa/Sam/Sam.prefab
  artifactKey: Guid(5434fe592b87b8849bdb71e1b0169565) Importer(815301076,1909f56bfc062723c751e8b465ee728b)
Start importing Assets/03.Prefabs/Dev/Minseong/Hanja/Hwa/Sam/Sam.prefab using Guid(5434fe592b87b8849bdb71e1b0169565) Importer(815301076,1909f56bfc062723c751e8b465ee728b)  -> (artifact id: '79fdd26950d92543353c646cc2fbdf69') in 0.035913 seconds 
========================================================================
Received Import Request.
  Time since last request: 0.929919 seconds.
  path: Assets/03.Prefabs/Dev/Minseong/Hanja/Hwa/Sam/Sam.png
  artifactKey: Guid(a859ad5d7ae045a4a8e91ec44755bab7) Importer(815301076,1909f56bfc062723c751e8b465ee728b)
Start importing Assets/03.Prefabs/Dev/Minseong/Hanja/Hwa/Sam/Sam.png using Guid(a859ad5d7ae045a4a8e91ec44755bab7) Importer(815301076,1909f56bfc062723c751e8b465ee728b)  -> (artifact id: '1bafde3028db1f6ceabfc62128e3fb9d') in 0.031354 seconds 
========================================================================
Received Import Request.
  Time since last request: 2.777525 seconds.
  path: Assets/03.Prefabs/Dev/Minseong/Hanja/Hwa/Sam/Mo
  artifactKey: Guid(df372dc57581607478982b188c196e02) Importer(815301076,1909f56bfc062723c751e8b465ee728b)
Start importing Assets/03.Prefabs/Dev/Minseong/Hanja/Hwa/Sam/Mo using Guid(df372dc57581607478982b188c196e02) Importer(815301076,1909f56bfc062723c751e8b465ee728b)  -> (artifact id: 'f9dcb482a24cc6ff6d825347da840e1f') in 0.006652 seconds 
========================================================================
Received Import Request.
  Time since last request: 1.787794 seconds.
  path: Assets/03.Prefabs/Dev/Minseong/Hanja/Hwa/Sam/Mo/Mo.prefab
  artifactKey: Guid(1e2ecddfb8f348d47b3408df0f300bd9) Importer(815301076,1909f56bfc062723c751e8b465ee728b)
Start importing Assets/03.Prefabs/Dev/Minseong/Hanja/Hwa/Sam/Mo/Mo.prefab using Guid(1e2ecddfb8f348d47b3408df0f300bd9) Importer(815301076,1909f56bfc062723c751e8b465ee728b)  -> (artifact id: '1d6c596ef5229744dc7998154df4fd37') in 0.030663 seconds 
========================================================================
Received Import Request.
  Time since last request: 1.023070 seconds.
  path: Assets/03.Prefabs/Dev/Minseong/Hanja/Hwa/Sam/Mo/Mo.png
  artifactKey: Guid(805cc88c6cdda9046b76d54cf3b7de52) Importer(815301076,1909f56bfc062723c751e8b465ee728b)
Start importing Assets/03.Prefabs/Dev/Minseong/Hanja/Hwa/Sam/Mo/Mo.png using Guid(805cc88c6cdda9046b76d54cf3b7de52) Importer(815301076,1909f56bfc062723c751e8b465ee728b)  -> (artifact id: 'f59ba590221c38455fd209e952ab36c3') in 0.036550 seconds 
========================================================================
Received Import Request.
  Time since last request: 2.342674 seconds.
  path: Assets/03.Prefabs/Dev/Minseong/Hanja/Hwa/Sam/Mo/Myeol
  artifactKey: Guid(9fa512068a2d57a4b9fca8a5037ef3da) Importer(815301076,1909f56bfc062723c751e8b465ee728b)
Start importing Assets/03.Prefabs/Dev/Minseong/Hanja/Hwa/Sam/Mo/Myeol using Guid(9fa512068a2d57a4b9fca8a5037ef3da) Importer(815301076,1909f56bfc062723c751e8b465ee728b)  -> (artifact id: '082c14e37ca2022282c67fa6f7047aed') in 0.006162 seconds 
========================================================================
Received Import Request.
  Time since last request: 1.582941 seconds.
  path: Assets/03.Prefabs/Dev/Minseong/Hanja/Hwa/Sam/Mo/Myeol/Myeol.prefab
  artifactKey: Guid(4870082160a9b5f4a824571dd33a4db2) Importer(815301076,1909f56bfc062723c751e8b465ee728b)
Start importing Assets/03.Prefabs/Dev/Minseong/Hanja/Hwa/Sam/Mo/Myeol/Myeol.prefab using Guid(4870082160a9b5f4a824571dd33a4db2) Importer(815301076,1909f56bfc062723c751e8b465ee728b)  -> (artifact id: 'a4d746e7030c39f7c8c62086a1a0f2bc') in 0.027449 seconds 
========================================================================
Received Import Request.
  Time since last request: 0.529606 seconds.
  path: Assets/03.Prefabs/Dev/Minseong/Hanja/Hwa/Sam/Mo/Myeol/Myeol.png
  artifactKey: Guid(7b54853c35580e04f8e65b3e7799c687) Importer(815301076,1909f56bfc062723c751e8b465ee728b)
Start importing Assets/03.Prefabs/Dev/Minseong/Hanja/Hwa/Sam/Mo/Myeol/Myeol.png using Guid(7b54853c35580e04f8e65b3e7799c687) Importer(815301076,1909f56bfc062723c751e8b465ee728b)  -> (artifact id: '7c6caab39b4b53478416eca3067defe9') in 0.047322 seconds 
========================================================================
Received Import Request.
  Time since last request: 5.744577 seconds.
  path: Assets/03.Prefabs/Dev/Minseong/Hanja/Hwa/Sam/Sa
  artifactKey: Guid(2cd8d397b8f21954295f21d4fa2303e8) Importer(815301076,1909f56bfc062723c751e8b465ee728b)
Start importing Assets/03.Prefabs/Dev/Minseong/Hanja/Hwa/Sam/Sa using Guid(2cd8d397b8f21954295f21d4fa2303e8) Importer(815301076,1909f56bfc062723c751e8b465ee728b)  -> (artifact id: '26f59c386a3c996ea33cc5e9e7bde9d3') in 0.007557 seconds 
========================================================================
Received Import Request.
  Time since last request: 2.007616 seconds.
  path: Assets/03.Prefabs/Dev/Minseong/Hanja/Hwa/Sam/Sa/Sa.prefab
  artifactKey: Guid(ff811c021863f1f4bba9ba16cf2048ce) Importer(815301076,1909f56bfc062723c751e8b465ee728b)
Start importing Assets/03.Prefabs/Dev/Minseong/Hanja/Hwa/Sam/Sa/Sa.prefab using Guid(ff811c021863f1f4bba9ba16cf2048ce) Importer(815301076,1909f56bfc062723c751e8b465ee728b)  -> (artifact id: '76ccb32c4a3499878c910a193b3287e0') in 0.036161 seconds 
========================================================================
Received Import Request.
  Time since last request: 1.054596 seconds.
  path: Assets/03.Prefabs/Dev/Minseong/Hanja/Hwa/Sam/Sa/Sa.png
  artifactKey: Guid(08786aae70007f44d901e308b46a376b) Importer(815301076,1909f56bfc062723c751e8b465ee728b)
Start importing Assets/03.Prefabs/Dev/Minseong/Hanja/Hwa/Sam/Sa/Sa.png using Guid(08786aae70007f44d901e308b46a376b) Importer(815301076,1909f56bfc062723c751e8b465ee728b)  -> (artifact id: 'af248f8853eed70cf492dc34786eedac') in 0.034954 seconds 
========================================================================
Received Import Request.
  Time since last request: 1.796633 seconds.
  path: Assets/03.Prefabs/Dev/Minseong/Hanja/Hwa/Sam/Sa/Ga
  artifactKey: Guid(1e9b9e4093183964981dec7ba526c0b1) Importer(815301076,1909f56bfc062723c751e8b465ee728b)
Start importing Assets/03.Prefabs/Dev/Minseong/Hanja/Hwa/Sam/Sa/Ga using Guid(1e9b9e4093183964981dec7ba526c0b1) Importer(815301076,1909f56bfc062723c751e8b465ee728b)  -> (artifact id: 'b37e64f1fe61a678bae8825348b946b1') in 0.003936 seconds 
========================================================================
Received Import Request.
  Time since last request: 1.432976 seconds.
  path: Assets/03.Prefabs/Dev/Minseong/Hanja/Hwa/Sam/Sa/Ga/Ga.prefab
  artifactKey: Guid(40578946559485d42a5f31e36349bc63) Importer(815301076,1909f56bfc062723c751e8b465ee728b)
Start importing Assets/03.Prefabs/Dev/Minseong/Hanja/Hwa/Sam/Sa/Ga/Ga.prefab using Guid(40578946559485d42a5f31e36349bc63) Importer(815301076,1909f56bfc062723c751e8b465ee728b)  -> (artifact id: '8661da25dc97576ec5418888f601dc96') in 0.024932 seconds 
========================================================================
Received Import Request.
  Time since last request: 0.445833 seconds.
  path: Assets/03.Prefabs/Dev/Minseong/Hanja/Hwa/Sam/Sa/Ga/Ga.png
  artifactKey: Guid(2137d6f6d7e4ccc489b3b6b2ef128a42) Importer(815301076,1909f56bfc062723c751e8b465ee728b)
Start importing Assets/03.Prefabs/Dev/Minseong/Hanja/Hwa/Sam/Sa/Ga/Ga.png using Guid(2137d6f6d7e4ccc489b3b6b2ef128a42) Importer(815301076,1909f56bfc062723c751e8b465ee728b)  -> (artifact id: '116eae56a5c02a5002aedbf667c3fe76') in 0.054606 seconds 
========================================================================
Received Import Request.
  Time since last request: 22.053519 seconds.
  path: Assets/03.Prefabs/Dev/Minseong/Hanja/Hwa/Tu/Tu.prefab
  artifactKey: Guid(ce1237652abe41f4a80ac82abc3d608f) Importer(815301076,1909f56bfc062723c751e8b465ee728b)
Start importing Assets/03.Prefabs/Dev/Minseong/Hanja/Hwa/Tu/Tu.prefab using Guid(ce1237652abe41f4a80ac82abc3d608f) Importer(815301076,1909f56bfc062723c751e8b465ee728b)  -> (artifact id: 'aac5a95fca5f20479c48f50701414b39') in 0.039859 seconds 
========================================================================
Received Import Request.
  Time since last request: 0.849461 seconds.
  path: Assets/03.Prefabs/Dev/Minseong/Hanja/Hwa/Tu/Tu.png
  artifactKey: Guid(7d5d0954c832a454297fb5ae1ca00860) Importer(815301076,1909f56bfc062723c751e8b465ee728b)
Start importing Assets/03.Prefabs/Dev/Minseong/Hanja/Hwa/Tu/Tu.png using Guid(7d5d0954c832a454297fb5ae1ca00860) Importer(815301076,1909f56bfc062723c751e8b465ee728b)  -> (artifact id: 'ef91d7f92422fd15a739777e134360c0') in 0.044784 seconds 
========================================================================
Received Import Request.
  Time since last request: 1.939169 seconds.
  path: Assets/03.Prefabs/Dev/Minseong/Hanja/Hwa/Tu/Dam
  artifactKey: Guid(36cec69b4df1c3741b929aabaa34b9c1) Importer(815301076,1909f56bfc062723c751e8b465ee728b)
Start importing Assets/03.Prefabs/Dev/Minseong/Hanja/Hwa/Tu/Dam using Guid(36cec69b4df1c3741b929aabaa34b9c1) Importer(815301076,1909f56bfc062723c751e8b465ee728b)  -> (artifact id: 'd4ba4b2924b7d257ee73d2893973df5f') in 0.008246 seconds 
========================================================================
Received Import Request.
  Time since last request: 4.000143 seconds.
  path: Assets/03.Prefabs/Dev/Minseong/Hanja/Hwa/Tu/Cheong
  artifactKey: Guid(3c9c701ec1980b24aa83325c29f2491a) Importer(815301076,1909f56bfc062723c751e8b465ee728b)
Start importing Assets/03.Prefabs/Dev/Minseong/Hanja/Hwa/Tu/Cheong using Guid(3c9c701ec1980b24aa83325c29f2491a) Importer(815301076,1909f56bfc062723c751e8b465ee728b)  -> (artifact id: '21cae197aa89e1597725c7d23d316c19') in 0.006217 seconds 
========================================================================
Received Import Request.
  Time since last request: 1.490207 seconds.
  path: Assets/03.Prefabs/Dev/Minseong/Hanja/Hwa/Tu/Cheong/Cheong.prefab
  artifactKey: Guid(6659b43c93112fe41b439c69b7a7a91b) Importer(815301076,1909f56bfc062723c751e8b465ee728b)
Start importing Assets/03.Prefabs/Dev/Minseong/Hanja/Hwa/Tu/Cheong/Cheong.prefab using Guid(6659b43c93112fe41b439c69b7a7a91b) Importer(815301076,1909f56bfc062723c751e8b465ee728b)  -> (artifact id: '16df1a94afe2d6c2f5916497e0ed0fcb') in 0.024303 seconds 
========================================================================
Received Import Request.
  Time since last request: 0.425609 seconds.
  path: Assets/03.Prefabs/Dev/Minseong/Hanja/Hwa/Tu/Cheong/Cheong.png
  artifactKey: Guid(ef45e5477daa20b4b9b72118b872d459) Importer(815301076,1909f56bfc062723c751e8b465ee728b)
Start importing Assets/03.Prefabs/Dev/Minseong/Hanja/Hwa/Tu/Cheong/Cheong.png using Guid(ef45e5477daa20b4b9b72118b872d459) Importer(815301076,1909f56bfc062723c751e8b465ee728b)  -> (artifact id: 'a421d7480bb8ce8bf6e1690f565c3968') in 0.043837 seconds 
========================================================================
Received Import Request.
  Time since last request: 0.962304 seconds.
  path: Assets/03.Prefabs/Dev/Minseong/Hanja/Hwa/Tu/Cheong/Shi
  artifactKey: Guid(71ad407f1ae9a854a8f4b6116a27cd18) Importer(815301076,1909f56bfc062723c751e8b465ee728b)
Start importing Assets/03.Prefabs/Dev/Minseong/Hanja/Hwa/Tu/Cheong/Shi using Guid(71ad407f1ae9a854a8f4b6116a27cd18) Importer(815301076,1909f56bfc062723c751e8b465ee728b)  -> (artifact id: 'df726708174754f69c7e182ae16a233d') in 0.006213 seconds 
========================================================================
Received Import Request.
  Time since last request: 1.449127 seconds.
  path: Assets/03.Prefabs/Dev/Minseong/Hanja/Hwa/Tu/Cheong/Shi/Shi.prefab
  artifactKey: Guid(4d6160d8e8a957048a1619556beb7b1b) Importer(815301076,1909f56bfc062723c751e8b465ee728b)
Start importing Assets/03.Prefabs/Dev/Minseong/Hanja/Hwa/Tu/Cheong/Shi/Shi.prefab using Guid(4d6160d8e8a957048a1619556beb7b1b) Importer(815301076,1909f56bfc062723c751e8b465ee728b)  -> (artifact id: '91de958331a21998f581289c0877ec9d') in 0.033414 seconds 
========================================================================
Received Import Request.
  Time since last request: 4.732720 seconds.
  path: Assets/03.Prefabs/Dev/Minseong/Hanja/Hwa/Tu/Cheong/Shi/Shi.png
  artifactKey: Guid(23c6f0f6f2dcd2c49b9c2fccfa40b7d2) Importer(815301076,1909f56bfc062723c751e8b465ee728b)
Start importing Assets/03.Prefabs/Dev/Minseong/Hanja/Hwa/Tu/Cheong/Shi/Shi.png using Guid(23c6f0f6f2dcd2c49b9c2fccfa40b7d2) Importer(815301076,1909f56bfc062723c751e8b465ee728b)  -> (artifact id: '1548f54058b02fd03c48f3912da8c706') in 0.031665 seconds 
========================================================================
Received Import Request.
  Time since last request: 3.463913 seconds.
  path: Assets/03.Prefabs/Dev/Minseong/Hanja/Hwa/Tu/Dam/Dam.prefab
  artifactKey: Guid(f521a030c2fdb3c48868e694ec4123a2) Importer(815301076,1909f56bfc062723c751e8b465ee728b)
Start importing Assets/03.Prefabs/Dev/Minseong/Hanja/Hwa/Tu/Dam/Dam.prefab using Guid(f521a030c2fdb3c48868e694ec4123a2) Importer(815301076,1909f56bfc062723c751e8b465ee728b)  -> (artifact id: '95344be146307a796b584a0163f6a6d8') in 0.028093 seconds 
========================================================================
Received Import Request.
  Time since last request: 0.614746 seconds.
  path: Assets/03.Prefabs/Dev/Minseong/Hanja/Hwa/Tu/Dam/Dam.png
  artifactKey: Guid(733a5fd8c2096f24693c836bfdff5953) Importer(815301076,1909f56bfc062723c751e8b465ee728b)
Start importing Assets/03.Prefabs/Dev/Minseong/Hanja/Hwa/Tu/Dam/Dam.png using Guid(733a5fd8c2096f24693c836bfdff5953) Importer(815301076,1909f56bfc062723c751e8b465ee728b)  -> (artifact id: '9ea93f92c11adae355c9808a9509a657') in 0.046681 seconds 
========================================================================
Received Import Request.
  Time since last request: 0.728585 seconds.
  path: Assets/03.Prefabs/Dev/Minseong/Hanja/Hwa/Tu/Dam/Sag
  artifactKey: Guid(e25c56cdd48399142aaa8637475990df) Importer(815301076,1909f56bfc062723c751e8b465ee728b)
Start importing Assets/03.Prefabs/Dev/Minseong/Hanja/Hwa/Tu/Dam/Sag using Guid(e25c56cdd48399142aaa8637475990df) Importer(815301076,1909f56bfc062723c751e8b465ee728b)  -> (artifact id: '94588a597b4c43e8496697d1d434a4d8') in 0.006744 seconds 
========================================================================
Received Import Request.
  Time since last request: 1.495164 seconds.
  path: Assets/03.Prefabs/Dev/Minseong/Hanja/Hwa/Tu/Dam/Sag/Sag.png
  artifactKey: Guid(3855ad02e826b5e4387401c22028279a) Importer(815301076,1909f56bfc062723c751e8b465ee728b)
Start importing Assets/03.Prefabs/Dev/Minseong/Hanja/Hwa/Tu/Dam/Sag/Sag.png using Guid(3855ad02e826b5e4387401c22028279a) Importer(815301076,1909f56bfc062723c751e8b465ee728b)  -> (artifact id: '37b3bdcb7ec63656376c85dfba04b504') in 0.045846 seconds 
========================================================================
Received Import Request.
  Time since last request: 1.109790 seconds.
  path: Assets/03.Prefabs/Dev/Minseong/Hanja/Hwa/Tu/Dam/Sag/Sag.prefab
  artifactKey: Guid(52cdf898508d9b54b8f724f6184be886) Importer(815301076,1909f56bfc062723c751e8b465ee728b)
Start importing Assets/03.Prefabs/Dev/Minseong/Hanja/Hwa/Tu/Dam/Sag/Sag.prefab using Guid(52cdf898508d9b54b8f724f6184be886) Importer(815301076,1909f56bfc062723c751e8b465ee728b)  -> (artifact id: '12aa60b3856f61bcd6001bcdc8930250') in 0.037036 seconds 
========================================================================
Received Import Request.
  Time since last request: 21.997361 seconds.
  path: Assets/03.Prefabs/Dev/Minseong/Hanja/Hwa/Tu
  artifactKey: Guid(bebb2795f1438ff4b8e6041dee13bb7f) Importer(815301076,1909f56bfc062723c751e8b465ee728b)
Start importing Assets/03.Prefabs/Dev/Minseong/Hanja/Hwa/Tu using Guid(bebb2795f1438ff4b8e6041dee13bb7f) Importer(815301076,1909f56bfc062723c751e8b465ee728b)  -> (artifact id: '509604eccc19351b6a6234d4a4cdbcaf') in 0.004791 seconds 
========================================================================
Received Import Request.
  Time since last request: 18.886022 seconds.
  path: Assets/03.Prefabs/Dev/Minseong/Hanja/Pa
  artifactKey: Guid(2997b317f5e1e3440a52a2361a2a7757) Importer(815301076,1909f56bfc062723c751e8b465ee728b)
Start importing Assets/03.Prefabs/Dev/Minseong/Hanja/Pa using Guid(2997b317f5e1e3440a52a2361a2a7757) Importer(815301076,1909f56bfc062723c751e8b465ee728b)  -> (artifact id: 'dbe21aeac35c65f924f5ad52532823b3') in 0.009031 seconds 
========================================================================
Received Import Request.
  Time since last request: 40.104160 seconds.
  path: Assets/02.Sprites/Dev/Minseong/Hanja/Pa/Jeok
  artifactKey: Guid(19cdc523c5e297b459b208ba2fdd98ac) Importer(815301076,1909f56bfc062723c751e8b465ee728b)
Start importing Assets/02.Sprites/Dev/Minseong/Hanja/Pa/Jeok using Guid(19cdc523c5e297b459b208ba2fdd98ac) Importer(815301076,1909f56bfc062723c751e8b465ee728b)  -> (artifact id: '300c5fa5192137cee37800c374d4e05b') in 0.007321 seconds 
========================================================================
Received Import Request.
  Time since last request: 3.183248 seconds.
  path: Assets/02.Sprites/Dev/Minseong/Hanja/Pa/Jeok/De
  artifactKey: Guid(016ec4fdad1b4094ebf2614874e60918) Importer(815301076,1909f56bfc062723c751e8b465ee728b)
Start importing Assets/02.Sprites/Dev/Minseong/Hanja/Pa/Jeok/De using Guid(016ec4fdad1b4094ebf2614874e60918) Importer(815301076,1909f56bfc062723c751e8b465ee728b)  -> (artifact id: '7a09d495bb0a3f1d5a9994e5678760b8') in 0.010415 seconds 
========================================================================
Received Import Request.
  Time since last request: 2.896311 seconds.
  path: Assets/02.Sprites/Dev/Minseong/Hanja/Pa/Jeok/De/Pok
  artifactKey: Guid(04f5d0bf104f7fa43b4c7889fd4bb87b) Importer(815301076,1909f56bfc062723c751e8b465ee728b)
Start importing Assets/02.Sprites/Dev/Minseong/Hanja/Pa/Jeok/De/Pok using Guid(04f5d0bf104f7fa43b4c7889fd4bb87b) Importer(815301076,1909f56bfc062723c751e8b465ee728b)  -> (artifact id: '240b072067528dd1f5d3795bfcc351fc') in 0.005422 seconds 
========================================================================
Received Import Request.
  Time since last request: 7.867003 seconds.
  path: Assets/02.Sprites/Dev/Minseong/Hanja/Pa/Jeok/Gol
  artifactKey: Guid(240ae766d59cdbc4883d2a6d337c2c1c) Importer(815301076,1909f56bfc062723c751e8b465ee728b)
Start importing Assets/02.Sprites/Dev/Minseong/Hanja/Pa/Jeok/Gol using Guid(240ae766d59cdbc4883d2a6d337c2c1c) Importer(815301076,1909f56bfc062723c751e8b465ee728b)  -> (artifact id: 'd5d6c2978055fb4779a0a971b82efb45') in 0.005451 seconds 
========================================================================
Received Import Request.
  Time since last request: 3.007413 seconds.
  path: Assets/02.Sprites/Dev/Minseong/Hanja/Pa/Jeok/Gol/Gol.png
  artifactKey: Guid(de5c23c403470f245b76ac867a9f97b7) Importer(815301076,1909f56bfc062723c751e8b465ee728b)
Start importing Assets/02.Sprites/Dev/Minseong/Hanja/Pa/Jeok/Gol/Gol.png using Guid(de5c23c403470f245b76ac867a9f97b7) Importer(815301076,1909f56bfc062723c751e8b465ee728b)  -> (artifact id: 'd530314ef416e0528b34770b8d7f6055') in 0.044240 seconds 
========================================================================
Received Import Request.
  Time since last request: 2.543556 seconds.
  path: Assets/02.Sprites/Dev/Minseong/Hanja/Pa/Jeok/Gol/Nan
  artifactKey: Guid(93fb99b5f9140ad47838329fc2141703) Importer(815301076,1909f56bfc062723c751e8b465ee728b)
Start importing Assets/02.Sprites/Dev/Minseong/Hanja/Pa/Jeok/Gol/Nan using Guid(93fb99b5f9140ad47838329fc2141703) Importer(815301076,1909f56bfc062723c751e8b465ee728b)  -> (artifact id: 'a57ea5ac1ee1589aac0b86b8677bcc3a') in 0.008244 seconds 
========================================================================
Received Import Request.
  Time since last request: 34.754615 seconds.
  path: Assets/02.Sprites/Dev/Minseong/Hanja/Pa/Pe
  artifactKey: Guid(e1cb3f9e06ea6cf4882ddc8aeab13699) Importer(815301076,1909f56bfc062723c751e8b465ee728b)
Start importing Assets/02.Sprites/Dev/Minseong/Hanja/Pa/Pe using Guid(e1cb3f9e06ea6cf4882ddc8aeab13699) Importer(815301076,1909f56bfc062723c751e8b465ee728b)  -> (artifact id: 'd38f82793093b68fc01661ef914c56cc') in 0.006325 seconds 
========================================================================
Received Import Request.
  Time since last request: 4.366764 seconds.
  path: Assets/02.Sprites/Dev/Minseong/Hanja/Pa/Pe/Dok
  artifactKey: Guid(2f1dfd5769daa6c4cae9e26a5d425f9b) Importer(815301076,1909f56bfc062723c751e8b465ee728b)
Start importing Assets/02.Sprites/Dev/Minseong/Hanja/Pa/Pe/Dok using Guid(2f1dfd5769daa6c4cae9e26a5d425f9b) Importer(815301076,1909f56bfc062723c751e8b465ee728b)  -> (artifact id: 'de0312b0d0b54e43f8a313ed61b1b814') in 0.008505 seconds 
========================================================================
Received Import Request.
  Time since last request: 2.625680 seconds.
  path: Assets/02.Sprites/Dev/Minseong/Hanja/Pa/Pe/Dok/Bek
  artifactKey: Guid(6639e95799be029449513d61b8c46a55) Importer(815301076,1909f56bfc062723c751e8b465ee728b)
Start importing Assets/02.Sprites/Dev/Minseong/Hanja/Pa/Pe/Dok/Bek using Guid(6639e95799be029449513d61b8c46a55) Importer(815301076,1909f56bfc062723c751e8b465ee728b)  -> (artifact id: '206c3b5da82d42ae080b154621da7fa7') in 0.008447 seconds 
========================================================================
Received Import Request.
  Time since last request: 10.778397 seconds.
  path: Assets/02.Sprites/Dev/Minseong/Hanja/Pa/Pe/Jon
  artifactKey: Guid(97dde88955e62064e940af495b037fae) Importer(815301076,1909f56bfc062723c751e8b465ee728b)
Start importing Assets/02.Sprites/Dev/Minseong/Hanja/Pa/Pe/Jon using Guid(97dde88955e62064e940af495b037fae) Importer(815301076,1909f56bfc062723c751e8b465ee728b)  -> (artifact id: '37bb11eafa702c6de2e83bc4cea058fa') in 0.009021 seconds 
========================================================================
Received Import Request.
  Time since last request: 2.963643 seconds.
  path: Assets/02.Sprites/Dev/Minseong/Hanja/Pa/Pe/Jon/Gu
  artifactKey: Guid(1ed6717aa9f03b840ba3c1f3ab48a589) Importer(815301076,1909f56bfc062723c751e8b465ee728b)
Start importing Assets/02.Sprites/Dev/Minseong/Hanja/Pa/Pe/Jon/Gu using Guid(1ed6717aa9f03b840ba3c1f3ab48a589) Importer(815301076,1909f56bfc062723c751e8b465ee728b)  -> (artifact id: 'f9420c4fbc58aa93286be67e03f96166') in 0.009875 seconds 
========================================================================
Received Import Request.
  Time since last request: 29.843296 seconds.
  path: Assets/03.Prefabs/Dev/Minseong/Hanja/Pa/Pa.prefab
  artifactKey: Guid(b294c6eb45b86f041bf2592263302663) Importer(815301076,1909f56bfc062723c751e8b465ee728b)
Start importing Assets/03.Prefabs/Dev/Minseong/Hanja/Pa/Pa.prefab using Guid(b294c6eb45b86f041bf2592263302663) Importer(815301076,1909f56bfc062723c751e8b465ee728b)  -> (artifact id: 'a2a8338e8086d19665459c79f01e232d') in 0.034049 seconds 
========================================================================
Received Import Request.
  Time since last request: 0.436726 seconds.
  path: Assets/03.Prefabs/Dev/Minseong/Hanja/Pa/Pa.png
  artifactKey: Guid(af3db89c53b7c264da955d0a42fa92c9) Importer(815301076,1909f56bfc062723c751e8b465ee728b)
Start importing Assets/03.Prefabs/Dev/Minseong/Hanja/Pa/Pa.png using Guid(af3db89c53b7c264da955d0a42fa92c9) Importer(815301076,1909f56bfc062723c751e8b465ee728b)  -> (artifact id: '5701b52069411bd1dcea5db47b141ce3') in 0.048256 seconds 
========================================================================
Received Import Request.
  Time since last request: 3.725662 seconds.
  path: Assets/03.Prefabs/Dev/Minseong/Hanja/Pa/Jeok
  artifactKey: Guid(865c16accbe53a64f9e1a4f916b6015b) Importer(815301076,1909f56bfc062723c751e8b465ee728b)
Start importing Assets/03.Prefabs/Dev/Minseong/Hanja/Pa/Jeok using Guid(865c16accbe53a64f9e1a4f916b6015b) Importer(815301076,1909f56bfc062723c751e8b465ee728b)  -> (artifact id: '6658463d21f8ffc19f5839c716d40be3') in 0.006668 seconds 
========================================================================
Received Import Request.
  Time since last request: 2.198225 seconds.
  path: Assets/03.Prefabs/Dev/Minseong/Hanja/Pa/Jeok/Jeok.prefab
  artifactKey: Guid(d02a3945f12735841b4af5c0b8dbd99e) Importer(815301076,1909f56bfc062723c751e8b465ee728b)
Start importing Assets/03.Prefabs/Dev/Minseong/Hanja/Pa/Jeok/Jeok.prefab using Guid(d02a3945f12735841b4af5c0b8dbd99e) Importer(815301076,1909f56bfc062723c751e8b465ee728b)  -> (artifact id: '24dd43d13f9518a1428e2ec8816beb95') in 0.028015 seconds 
========================================================================
Received Import Request.
  Time since last request: 0.832620 seconds.
  path: Assets/03.Prefabs/Dev/Minseong/Hanja/Pa/Jeok/Jeok.png
  artifactKey: Guid(f74f373bff646364ab024434376c65b7) Importer(815301076,1909f56bfc062723c751e8b465ee728b)
Start importing Assets/03.Prefabs/Dev/Minseong/Hanja/Pa/Jeok/Jeok.png using Guid(f74f373bff646364ab024434376c65b7) Importer(815301076,1909f56bfc062723c751e8b465ee728b)  -> (artifact id: '94c5198b63a0403d4c232513bdf88e62') in 0.033113 seconds 
========================================================================
Received Import Request.
  Time since last request: 0.750298 seconds.
  path: Assets/03.Prefabs/Dev/Minseong/Hanja/Pa/Jeok/De
  artifactKey: Guid(208ec7edfad0c134d9af016e082223ef) Importer(815301076,1909f56bfc062723c751e8b465ee728b)
Start importing Assets/03.Prefabs/Dev/Minseong/Hanja/Pa/Jeok/De using Guid(208ec7edfad0c134d9af016e082223ef) Importer(815301076,1909f56bfc062723c751e8b465ee728b)  -> (artifact id: 'fed93a4093828313c9725d2dc850b70f') in 0.004610 seconds 
========================================================================
Received Import Request.
  Time since last request: 1.543762 seconds.
  path: Assets/03.Prefabs/Dev/Minseong/Hanja/Pa/Jeok/De/De.prefab
  artifactKey: Guid(c7fc5a0cba32bcc4d8e191658026153b) Importer(815301076,1909f56bfc062723c751e8b465ee728b)
Start importing Assets/03.Prefabs/Dev/Minseong/Hanja/Pa/Jeok/De/De.prefab using Guid(c7fc5a0cba32bcc4d8e191658026153b) Importer(815301076,1909f56bfc062723c751e8b465ee728b)  -> (artifact id: 'c98d86fd9b9bf30e268b6d440b890239') in 0.023846 seconds 
========================================================================
Received Import Request.
  Time since last request: 0.524116 seconds.
  path: Assets/03.Prefabs/Dev/Minseong/Hanja/Pa/Jeok/De/De.png
  artifactKey: Guid(de5ed23dc0408cf4d92e899fc673f795) Importer(815301076,1909f56bfc062723c751e8b465ee728b)
Start importing Assets/03.Prefabs/Dev/Minseong/Hanja/Pa/Jeok/De/De.png using Guid(de5ed23dc0408cf4d92e899fc673f795) Importer(815301076,1909f56bfc062723c751e8b465ee728b)  -> (artifact id: 'b5fd9faf50b09be96e4be7e5adc27570') in 0.043961 seconds 
========================================================================
Received Import Request.
  Time since last request: 0.776499 seconds.
  path: Assets/03.Prefabs/Dev/Minseong/Hanja/Pa/Jeok/De/Pok
  artifactKey: Guid(6142e7987665d364aad5909040e195a1) Importer(815301076,1909f56bfc062723c751e8b465ee728b)
Start importing Assets/03.Prefabs/Dev/Minseong/Hanja/Pa/Jeok/De/Pok using Guid(6142e7987665d364aad5909040e195a1) Importer(815301076,1909f56bfc062723c751e8b465ee728b)  -> (artifact id: '76656b4191251872609b72a6165de992') in 0.007288 seconds 
========================================================================
Received Import Request.
  Time since last request: 1.399011 seconds.
  path: Assets/03.Prefabs/Dev/Minseong/Hanja/Pa/Jeok/De/Pok/Pok.prefab
  artifactKey: Guid(8e5ccf3832a2785478e3110a73e9aab9) Importer(815301076,1909f56bfc062723c751e8b465ee728b)
Start importing Assets/03.Prefabs/Dev/Minseong/Hanja/Pa/Jeok/De/Pok/Pok.prefab using Guid(8e5ccf3832a2785478e3110a73e9aab9) Importer(815301076,1909f56bfc062723c751e8b465ee728b)  -> (artifact id: '886a4ab1267448150b248dc116ec607c') in 0.031840 seconds 
========================================================================
Received Import Request.
  Time since last request: 0.447633 seconds.
  path: Assets/03.Prefabs/Dev/Minseong/Hanja/Pa/Jeok/De/Pok/Pok.png
  artifactKey: Guid(dd7061dc6753ad944bd1e85cb6d0f691) Importer(815301076,1909f56bfc062723c751e8b465ee728b)
Start importing Assets/03.Prefabs/Dev/Minseong/Hanja/Pa/Jeok/De/Pok/Pok.png using Guid(dd7061dc6753ad944bd1e85cb6d0f691) Importer(815301076,1909f56bfc062723c751e8b465ee728b)  -> (artifact id: '697e51ff0c40c4bab2b1e179a54d5958') in 0.038288 seconds 
========================================================================
Received Import Request.
  Time since last request: 2.237133 seconds.
  path: Assets/03.Prefabs/Dev/Minseong/Hanja/Pa/Jeok/Gol
  artifactKey: Guid(ec48a1063ef76b94fb1a44541dde0487) Importer(815301076,1909f56bfc062723c751e8b465ee728b)
Start importing Assets/03.Prefabs/Dev/Minseong/Hanja/Pa/Jeok/Gol using Guid(ec48a1063ef76b94fb1a44541dde0487) Importer(815301076,1909f56bfc062723c751e8b465ee728b)  -> (artifact id: '33d66c531dbb129a00b0560693b53d75') in 0.010731 seconds 
========================================================================
Received Import Request.
  Time since last request: 1.334670 seconds.
  path: Assets/03.Prefabs/Dev/Minseong/Hanja/Pa/Jeok/Gol/Gol.prefab
  artifactKey: Guid(722ba950404e05c4ba90fa3174545358) Importer(815301076,1909f56bfc062723c751e8b465ee728b)
Start importing Assets/03.Prefabs/Dev/Minseong/Hanja/Pa/Jeok/Gol/Gol.prefab using Guid(722ba950404e05c4ba90fa3174545358) Importer(815301076,1909f56bfc062723c751e8b465ee728b)  -> (artifact id: '0e4fdb2af4d4c2290124e17af5a72c63') in 0.027922 seconds 
========================================================================
Received Import Request.
  Time since last request: 0.331140 seconds.
  path: Assets/03.Prefabs/Dev/Minseong/Hanja/Pa/Jeok/Gol/Gol.png
  artifactKey: Guid(d064ee31f79496549adc3c4261c78d49) Importer(815301076,1909f56bfc062723c751e8b465ee728b)
Start importing Assets/03.Prefabs/Dev/Minseong/Hanja/Pa/Jeok/Gol/Gol.png using Guid(d064ee31f79496549adc3c4261c78d49) Importer(815301076,1909f56bfc062723c751e8b465ee728b)  -> (artifact id: 'b4cce34d415754698a8bd80c7f6cfc7a') in 0.034139 seconds 
========================================================================
Received Import Request.
  Time since last request: 0.795921 seconds.
  path: Assets/03.Prefabs/Dev/Minseong/Hanja/Pa/Jeok/Gol/Nan
  artifactKey: Guid(8f4e63086335687439e628ce0c5ae66a) Importer(815301076,1909f56bfc062723c751e8b465ee728b)
Start importing Assets/03.Prefabs/Dev/Minseong/Hanja/Pa/Jeok/Gol/Nan using Guid(8f4e63086335687439e628ce0c5ae66a) Importer(815301076,1909f56bfc062723c751e8b465ee728b)  -> (artifact id: '32bc8b546c66062a720800e0b161473e') in 0.005618 seconds 
========================================================================
Received Import Request.
  Time since last request: 2.072182 seconds.
  path: Assets/03.Prefabs/Dev/Minseong/Hanja/Pa/Jeok/Gol/Nan/Nan.prefab
  artifactKey: Guid(1c399e70f7c7b874cb9685a59fa275a4) Importer(815301076,1909f56bfc062723c751e8b465ee728b)
Start importing Assets/03.Prefabs/Dev/Minseong/Hanja/Pa/Jeok/Gol/Nan/Nan.prefab using Guid(1c399e70f7c7b874cb9685a59fa275a4) Importer(815301076,1909f56bfc062723c751e8b465ee728b)  -> (artifact id: '9e28628c885d36fde9f09a25e3e1cf7c') in 0.036957 seconds 
========================================================================
Received Import Request.
  Time since last request: 0.364692 seconds.
  path: Assets/03.Prefabs/Dev/Minseong/Hanja/Pa/Jeok/Gol/Nan/Nan.png
  artifactKey: Guid(c6b7926e1b3ff754db3fd4566db6e398) Importer(815301076,1909f56bfc062723c751e8b465ee728b)
Start importing Assets/03.Prefabs/Dev/Minseong/Hanja/Pa/Jeok/Gol/Nan/Nan.png using Guid(c6b7926e1b3ff754db3fd4566db6e398) Importer(815301076,1909f56bfc062723c751e8b465ee728b)  -> (artifact id: '5ff8d67496648e737a7122968fce3777') in 0.047262 seconds 
========================================================================
Received Import Request.
  Time since last request: 5.594832 seconds.
  path: Assets/03.Prefabs/Dev/Minseong/Hanja/Pa/Pe
  artifactKey: Guid(694d5c5b5f92b6f40b3cd6a081b2c39a) Importer(815301076,1909f56bfc062723c751e8b465ee728b)
Start importing Assets/03.Prefabs/Dev/Minseong/Hanja/Pa/Pe using Guid(694d5c5b5f92b6f40b3cd6a081b2c39a) Importer(815301076,1909f56bfc062723c751e8b465ee728b)  -> (artifact id: 'fd89eff193018e19405eb56a677dc5cb') in 0.006655 seconds 
========================================================================
Received Import Request.
  Time since last request: 1.096807 seconds.
  path: Assets/03.Prefabs/Dev/Minseong/Hanja/Pa/Pe/Pe.prefab
  artifactKey: Guid(8d4219cb7594cd449ac815b49e89db8f) Importer(815301076,1909f56bfc062723c751e8b465ee728b)
Start importing Assets/03.Prefabs/Dev/Minseong/Hanja/Pa/Pe/Pe.prefab using Guid(8d4219cb7594cd449ac815b49e89db8f) Importer(815301076,1909f56bfc062723c751e8b465ee728b)  -> (artifact id: '3eacb49b6bf0e605ce5d7a078afdbf60') in 0.027927 seconds 
========================================================================
Received Import Request.
  Time since last request: 0.681291 seconds.
  path: Assets/03.Prefabs/Dev/Minseong/Hanja/Pa/Pe/Pe.png
  artifactKey: Guid(312de033c46df8c4bb884ea10e6f9820) Importer(815301076,1909f56bfc062723c751e8b465ee728b)
Start importing Assets/03.Prefabs/Dev/Minseong/Hanja/Pa/Pe/Pe.png using Guid(312de033c46df8c4bb884ea10e6f9820) Importer(815301076,1909f56bfc062723c751e8b465ee728b)  -> (artifact id: 'ce61b11e1152bfacaa3747c78bd472ea') in 0.037000 seconds 
========================================================================
Received Import Request.
  Time since last request: 0.916659 seconds.
  path: Assets/03.Prefabs/Dev/Minseong/Hanja/Pa/Pe/Dok
  artifactKey: Guid(fffd3b8fac691af46b84769185897152) Importer(815301076,1909f56bfc062723c751e8b465ee728b)
Start importing Assets/03.Prefabs/Dev/Minseong/Hanja/Pa/Pe/Dok using Guid(fffd3b8fac691af46b84769185897152) Importer(815301076,1909f56bfc062723c751e8b465ee728b)  -> (artifact id: '135c4c6886f083671e7c1021192db806') in 0.007912 seconds 
========================================================================
Received Import Request.
  Time since last request: 1.388623 seconds.
  path: Assets/03.Prefabs/Dev/Minseong/Hanja/Pa/Pe/Dok/Dok.prefab
  artifactKey: Guid(672dbe33a3c38e341b9e84e7a120acdc) Importer(815301076,1909f56bfc062723c751e8b465ee728b)
Start importing Assets/03.Prefabs/Dev/Minseong/Hanja/Pa/Pe/Dok/Dok.prefab using Guid(672dbe33a3c38e341b9e84e7a120acdc) Importer(815301076,1909f56bfc062723c751e8b465ee728b)  -> (artifact id: 'd6a56c66f39d1452ca19fe2af6895247') in 0.036802 seconds 
========================================================================
Received Import Request.
  Time since last request: 0.356262 seconds.
  path: Assets/03.Prefabs/Dev/Minseong/Hanja/Pa/Pe/Dok/Dok.png
  artifactKey: Guid(5124b57d922ddf747915dbc6432bf922) Importer(815301076,1909f56bfc062723c751e8b465ee728b)
Start importing Assets/03.Prefabs/Dev/Minseong/Hanja/Pa/Pe/Dok/Dok.png using Guid(5124b57d922ddf747915dbc6432bf922) Importer(815301076,1909f56bfc062723c751e8b465ee728b)  -> (artifact id: '84b2d223a53cd359ca2b916b017e5b0c') in 0.052723 seconds 
========================================================================
Received Import Request.
  Time since last request: 0.893033 seconds.
  path: Assets/03.Prefabs/Dev/Minseong/Hanja/Pa/Pe/Dok/Bek
  artifactKey: Guid(9dabda9cb5b63074590d62a02a2fdf02) Importer(815301076,1909f56bfc062723c751e8b465ee728b)
Start importing Assets/03.Prefabs/Dev/Minseong/Hanja/Pa/Pe/Dok/Bek using Guid(9dabda9cb5b63074590d62a02a2fdf02) Importer(815301076,1909f56bfc062723c751e8b465ee728b)  -> (artifact id: '40afe9d02a545c5383176f4ed7615fd1') in 0.004812 seconds 
========================================================================
Received Import Request.
  Time since last request: 1.573860 seconds.
  path: Assets/03.Prefabs/Dev/Minseong/Hanja/Pa/Pe/Dok/Bek/Bek.prefab
  artifactKey: Guid(60a36c973093c824a90bc7cb45c20b33) Importer(815301076,1909f56bfc062723c751e8b465ee728b)
Start importing Assets/03.Prefabs/Dev/Minseong/Hanja/Pa/Pe/Dok/Bek/Bek.prefab using Guid(60a36c973093c824a90bc7cb45c20b33) Importer(815301076,1909f56bfc062723c751e8b465ee728b)  -> (artifact id: '606641daa1add5d6ca0c9c78648c950d') in 0.022237 seconds 
========================================================================
Received Import Request.
  Time since last request: 0.450771 seconds.
  path: Assets/03.Prefabs/Dev/Minseong/Hanja/Pa/Pe/Dok/Bek/Bek.png
  artifactKey: Guid(d53d7b6d62bb7854fb60e24cfaa9a208) Importer(815301076,1909f56bfc062723c751e8b465ee728b)
Start importing Assets/03.Prefabs/Dev/Minseong/Hanja/Pa/Pe/Dok/Bek/Bek.png using Guid(d53d7b6d62bb7854fb60e24cfaa9a208) Importer(815301076,1909f56bfc062723c751e8b465ee728b)  -> (artifact id: '34ebce237f34daf53d397fab9ed9df06') in 0.039159 seconds 
========================================================================
Received Import Request.
  Time since last request: 2.213331 seconds.
  path: Assets/03.Prefabs/Dev/Minseong/Hanja/Pa/Pe/Jon
  artifactKey: Guid(12a7373a0149eca41b8b270a7212ad83) Importer(815301076,1909f56bfc062723c751e8b465ee728b)
Start importing Assets/03.Prefabs/Dev/Minseong/Hanja/Pa/Pe/Jon using Guid(12a7373a0149eca41b8b270a7212ad83) Importer(815301076,1909f56bfc062723c751e8b465ee728b)  -> (artifact id: 'f1559037c0c0c5e35da90645b12cdd6e') in 0.010452 seconds 
========================================================================
Received Import Request.
  Time since last request: 1.145537 seconds.
  path: Assets/03.Prefabs/Dev/Minseong/Hanja/Pa/Pe/Jon/Jon.prefab
  artifactKey: Guid(62a02778d814fca4c9e28a3ca14fb0ee) Importer(815301076,1909f56bfc062723c751e8b465ee728b)
Start importing Assets/03.Prefabs/Dev/Minseong/Hanja/Pa/Pe/Jon/Jon.prefab using Guid(62a02778d814fca4c9e28a3ca14fb0ee) Importer(815301076,1909f56bfc062723c751e8b465ee728b)  -> (artifact id: '34e6add726cc8230853248d5216706b4') in 0.029300 seconds 
========================================================================
Received Import Request.
  Time since last request: 0.710851 seconds.
  path: Assets/03.Prefabs/Dev/Minseong/Hanja/Pa/Pe/Jon/Jon.png
  artifactKey: Guid(c3907454bad3ae14a861f1524cad5f5f) Importer(815301076,1909f56bfc062723c751e8b465ee728b)
Start importing Assets/03.Prefabs/Dev/Minseong/Hanja/Pa/Pe/Jon/Jon.png using Guid(c3907454bad3ae14a861f1524cad5f5f) Importer(815301076,1909f56bfc062723c751e8b465ee728b)  -> (artifact id: '2a553fcba3808718f01a4d278b99732f') in 0.040455 seconds 
========================================================================
Received Import Request.
  Time since last request: 0.644998 seconds.
  path: Assets/03.Prefabs/Dev/Minseong/Hanja/Pa/Pe/Jon/Gu
  artifactKey: Guid(aeac9e55094941d45a454dd278170042) Importer(815301076,1909f56bfc062723c751e8b465ee728b)
Start importing Assets/03.Prefabs/Dev/Minseong/Hanja/Pa/Pe/Jon/Gu using Guid(aeac9e55094941d45a454dd278170042) Importer(815301076,1909f56bfc062723c751e8b465ee728b)  -> (artifact id: '9cd90ec41b33e05690834ccc7cc4de8d') in 0.011721 seconds 
========================================================================
Received Import Request.
  Time since last request: 2.450721 seconds.
  path: Assets/03.Prefabs/Dev/Minseong/Hanja/Pa/Pe/Jon/Gu/Gu.prefab
  artifactKey: Guid(56161806fb44bce4cb4fb574f48b7243) Importer(815301076,1909f56bfc062723c751e8b465ee728b)
Start importing Assets/03.Prefabs/Dev/Minseong/Hanja/Pa/Pe/Jon/Gu/Gu.prefab using Guid(56161806fb44bce4cb4fb574f48b7243) Importer(815301076,1909f56bfc062723c751e8b465ee728b)  -> (artifact id: '01a575ef6cfb0d1e3e6d66b112a31f10') in 0.031526 seconds 
========================================================================
Received Import Request.
  Time since last request: 0.434007 seconds.
  path: Assets/03.Prefabs/Dev/Minseong/Hanja/Pa/Pe/Jon/Gu/Gu.png
  artifactKey: Guid(fba7b0159dd30564c88670300fd5775b) Importer(815301076,1909f56bfc062723c751e8b465ee728b)
Start importing Assets/03.Prefabs/Dev/Minseong/Hanja/Pa/Pe/Jon/Gu/Gu.png using Guid(fba7b0159dd30564c88670300fd5775b) Importer(815301076,1909f56bfc062723c751e8b465ee728b)  -> (artifact id: '8d9b5f2563f5dd8b5e3cabf2782a1560') in 0.039839 seconds 
========================================================================
Received Import Request.
  Time since last request: 31.484814 seconds.
  path: Assets/02.Sprites/Dev/Minseong/Hanja/Pa
  artifactKey: Guid(10af4ed7da59b7642aa209d3ac633aeb) Importer(815301076,1909f56bfc062723c751e8b465ee728b)
Start importing Assets/02.Sprites/Dev/Minseong/Hanja/Pa using Guid(10af4ed7da59b7642aa209d3ac633aeb) Importer(815301076,1909f56bfc062723c751e8b465ee728b)  -> (artifact id: '4ab3dc3158fd2d3e377db369a72cc999') in 0.050834 seconds 
========================================================================
Received Import Request.
  Time since last request: 0.668005 seconds.
  path: Assets/02.Sprites/Dev/Minseong/Hanja/Pa/Wang
  artifactKey: Guid(30f424ba0ee037c4d8a5afed77e21bfd) Importer(815301076,1909f56bfc062723c751e8b465ee728b)
Start importing Assets/02.Sprites/Dev/Minseong/Hanja/Pa/Wang using Guid(30f424ba0ee037c4d8a5afed77e21bfd) Importer(815301076,1909f56bfc062723c751e8b465ee728b)  -> (artifact id: '4c7963c0f7a8d5f5c90f3a0ac11650db') in 0.051003 seconds 
========================================================================
Received Import Request.
  Time since last request: 2.468663 seconds.
  path: Assets/02.Sprites/Dev/Minseong/Hanja/Pa/Wang/Myo
  artifactKey: Guid(49c5755cb3ac5e445a701deb87ba5342) Importer(815301076,1909f56bfc062723c751e8b465ee728b)
Start importing Assets/02.Sprites/Dev/Minseong/Hanja/Pa/Wang/Myo using Guid(49c5755cb3ac5e445a701deb87ba5342) Importer(815301076,1909f56bfc062723c751e8b465ee728b)  -> (artifact id: '3c9e87a27b373522e4195f548640a85b') in 0.007803 seconds 
========================================================================
Received Import Request.
  Time since last request: 6.748774 seconds.
  path: Assets/02.Sprites/Dev/Minseong/Hanja/Pa/Wang/Wang.png
  artifactKey: Guid(d814208d457f51348931ed63c3ac6c96) Importer(815301076,1909f56bfc062723c751e8b465ee728b)
Start importing Assets/02.Sprites/Dev/Minseong/Hanja/Pa/Wang/Wang.png using Guid(d814208d457f51348931ed63c3ac6c96) Importer(815301076,1909f56bfc062723c751e8b465ee728b)  -> (artifact id: 'a9fe2bff0a0111fef3bc5e53eaf70aaf') in 0.033952 seconds 
========================================================================
Received Import Request.
  Time since last request: 2.614683 seconds.
  path: Assets/02.Sprites/Dev/Minseong/Hanja/Pa/Wang/Myo/Gok
  artifactKey: Guid(2edaeb6a019307948be240a2dab329f4) Importer(815301076,1909f56bfc062723c751e8b465ee728b)
Start importing Assets/02.Sprites/Dev/Minseong/Hanja/Pa/Wang/Myo/Gok using Guid(2edaeb6a019307948be240a2dab329f4) Importer(815301076,1909f56bfc062723c751e8b465ee728b)  -> (artifact id: '98b39a51795d093dff29d218c2bc8b0a') in 0.006962 seconds 
========================================================================
Received Import Request.
  Time since last request: 1.849476 seconds.
  path: Assets/02.Sprites/Dev/Minseong/Hanja/Pa/Wang/Ta
  artifactKey: Guid(b53ab1c604264584cb1b986c61697da3) Importer(815301076,1909f56bfc062723c751e8b465ee728b)
Start importing Assets/02.Sprites/Dev/Minseong/Hanja/Pa/Wang/Ta using Guid(b53ab1c604264584cb1b986c61697da3) Importer(815301076,1909f56bfc062723c751e8b465ee728b)  -> (artifact id: '5d1da7bcf0c1500f2f9bd9f8ae95bf9d') in 0.021073 seconds 
========================================================================
Received Import Request.
  Time since last request: 1.604786 seconds.
  path: Assets/02.Sprites/Dev/Minseong/Hanja/Pa/Wang/Ta/Sal
  artifactKey: Guid(e6670193bcb118f429bcd7ade8e24f21) Importer(815301076,1909f56bfc062723c751e8b465ee728b)
Start importing Assets/02.Sprites/Dev/Minseong/Hanja/Pa/Wang/Ta/Sal using Guid(e6670193bcb118f429bcd7ade8e24f21) Importer(815301076,1909f56bfc062723c751e8b465ee728b)  -> (artifact id: 'ddf4103bda54af573c026e3e25494b9f') in 0.005804 seconds 
AssetImportWorkerClient::OnTransportError - code=2 error=End of file
